INFO  time: initialize in 0.81s
INFO  running embedded 'bloop bsp --protocol local --socket /var/folders/70/z9tbjlc14gs7d9nyp39rcm0r0000gn/T/bsp485056802912283474/py0ljnlds492.socket'
INFO  Selected port 5031
Dec 03, 2019 2:55:38 PM org.xnio.Xnio <clinit>
INFO: XNIO version 3.6.5.Final
Dec 03, 2019 2:55:38 PM org.xnio.nio.NioXnio <clinit>
INFO: XNIO NIO Implementation Version 3.6.5.Final
Dec 03, 2019 2:55:38 PM org.jboss.threads.Version <clinit>
INFO: JBoss Threads version 2.3.0.Beta2
INFO  Started Metals http server at http://127.0.0.1:5031
WARN  no build target: /Users/maxcoplan/Documents/workspace/scala/basics/FibsOnCrack.scala
The server is listening for incoming connections at local:///var/folders/70/z9tbjlc14gs7d9nyp39rcm0r0000gn/T/bsp485056802912283474/py0ljnlds492.socket...
Accepted incoming BSP client connection at local:///var/folders/70/z9tbjlc14gs7d9nyp39rcm0r0000gn/T/bsp485056802912283474/py0ljnlds492.socket
INFO  tracing is disabled for protocol BSP, to enable tracing of incoming and outgoing JSON messages create an empty file at /Users/maxcoplan/Library/Caches/org.scalameta.metals/bsp.trace.json
request received: build/initialize
INFO  time: connected to build server in 2.57s
BSP initialization handshake complete.
INFO  running '/Library/Java/JavaVirtualMachines/openjdk-13.0.1.jdk/Contents/Home/bin/java -Djline.terminal=jline.UnsupportedTerminal -Dsbt.log.noformat=true -Dfile.encoding=UTF-8 -jar /var/folders/70/z9tbjlc14gs7d9nyp39rcm0r0000gn/T/metals2665209140039212625/sbt-launch.jar metalsEnable bloopInstall'
INFO  time: indexed workspace in 5.45s
WARN  no build target: /Users/maxcoplan/Documents/workspace/scala/basics/FibsOnCrack.scala
INFO  [info] Loading settings for project global-plugins from metals.sbt ...
INFO  [info] Loading global plugins from /Users/maxcoplan/.sbt/1.0/plugins
INFO  [info] Loading project definition from /Users/maxcoplan/Documents/workspace/scala/basics/project
INFO  [success] Generated .bloop/basics-build.json
INFO  [warn] Removed stale /Users/maxcoplan/Documents/workspace/scala/basics/project/.bloop/basics-build 2.json
INFO  [success] Total time: 1 s, completed Dec 3, 2019, 2:55:50 PM
INFO  [info] Loading settings for project basics from build.sbt ...
INFO  [info] Set current project to Basics (in build file:/Users/maxcoplan/Documents/workspace/scala/basics/)
INFO  [info] Set current project to Basics (in build file:/Users/maxcoplan/Documents/workspace/scala/basics/)
INFO  [info] semanticdb-scalac is enabled
INFO  [success] Generated .bloop/basics.json
INFO  [success] Generated .bloop/basics-test.json
INFO  [success] Total time: 0 s, completed Dec 3, 2019, 2:55:52 PM
INFO  build tool exit: 0
INFO  time: ran 'sbt bloopInstall' in 9.65s
INFO  disconnected: build server
shutdown request received: build/shutdown
Client in /Users/maxcoplan/Documents/workspace/scala/basics/.bloop triggered cancellation. Cancelling tasks...
[0m[31m[E][0m BSP server cancelled, closing socket...
INFO  running embedded 'bloop bsp --protocol local --socket /var/folders/70/z9tbjlc14gs7d9nyp39rcm0r0000gn/T/bsp2119845674055938427/-1ay5nogiyytv.socket'
INFO  bloop exit: 0
The server is listening for incoming connections at local:///var/folders/70/z9tbjlc14gs7d9nyp39rcm0r0000gn/T/bsp2119845674055938427/-1ay5nogiyytv.socket...
Accepted incoming BSP client connection at local:///var/folders/70/z9tbjlc14gs7d9nyp39rcm0r0000gn/T/bsp2119845674055938427/-1ay5nogiyytv.socket
INFO  tracing is disabled for protocol BSP, to enable tracing of incoming and outgoing JSON messages create an empty file at /Users/maxcoplan/Library/Caches/org.scalameta.metals/bsp.trace.json
request received: build/initialize
INFO  time: connected to build server in 0.21s
BSP initialization handshake complete.
INFO  time: indexed workspace in 6.58s
INFO  compiling basics (19 scala sources and 1 java source)
WARN  there was one deprecation warning (since 2.13.0)
WARN  there was one deprecation warning (since release # which deprecates method)
WARN  there were two deprecation warnings in total; re-run with -deprecation for details
WARN  there were three feature warnings; re-run with -feature for details
ERROR package _root_.DefaultParameterValues does not exist
ERROR cannot find symbol
  symbol:   class Point
  location: class Main
ERROR cannot find symbol
  symbol:   class Point
  location: class Main
INFO  time: compiled basics in 5.67s
ERROR Failed to compile 'basics','basics-test'
INFO  skipping build import with status 'Installed'
INFO  compiling basics (19 scala sources and 1 java source)
shutdown request received: build/shutdown
Client in /Users/maxcoplan/Documents/workspace/scala/basics/.bloop triggered cancellation. Cancelling tasks...
[0m[31m[E][0m BSP server cancelled, closing socket...
WARN  resetting database: /Users/maxcoplan/Documents/workspace/scala/basics/.metals/metals.h2.db
INFO  time: initialize in 0.79s
INFO  running embedded 'bloop bsp --protocol local --socket /var/folders/70/z9tbjlc14gs7d9nyp39rcm0r0000gn/T/bsp15503574508906766861/37qbvjydxxuj.socket'
INFO  skipping build import with status 'Installed'
INFO  Selected port 5031
Dec 03, 2019 3:06:05 PM org.xnio.Xnio <clinit>
INFO: XNIO version 3.6.5.Final
Dec 03, 2019 3:06:05 PM org.xnio.nio.NioXnio <clinit>
INFO: XNIO NIO Implementation Version 3.6.5.Final
Dec 03, 2019 3:06:06 PM org.jboss.threads.Version <clinit>
INFO: JBoss Threads version 2.3.0.Beta2
INFO  Started Metals http server at http://127.0.0.1:5031
WARN  no build target: /Users/maxcoplan/Documents/workspace/scala/basics/FibsOnCrack.scala
The server is listening for incoming connections at local:///var/folders/70/z9tbjlc14gs7d9nyp39rcm0r0000gn/T/bsp15503574508906766861/37qbvjydxxuj.socket...
Accepted incoming BSP client connection at local:///var/folders/70/z9tbjlc14gs7d9nyp39rcm0r0000gn/T/bsp15503574508906766861/37qbvjydxxuj.socket
INFO  tracing is disabled for protocol BSP, to enable tracing of incoming and outgoing JSON messages create an empty file at /Users/maxcoplan/Library/Caches/org.scalameta.metals/bsp.trace.json
request received: build/initialize
INFO  time: connected to build server in 2.69s
BSP initialization handshake complete.
INFO  time: imported build in 0.11s
INFO  time: indexed workspace in 7.22s
INFO  compiling basics (19 scala sources and 1 java source)
INFO  time: compiled basics in 2.64s
ERROR Failed to compile 'basics','basics-test'
shutdown request received: build/shutdown
Client in /Users/maxcoplan/Documents/workspace/scala/basics/.bloop triggered cancellation. Cancelling tasks...
[0m[31m[E][0m BSP server cancelled, closing socket...
INFO  bloop exit: 0
WARN  resetting database: /Users/maxcoplan/Documents/workspace/scala/basics/.metals/metals.h2.db
INFO  time: initialize in 0.79s
INFO  time: initialize in 0.81s
INFO  running embedded 'bloop bsp --protocol local --socket /var/folders/70/z9tbjlc14gs7d9nyp39rcm0r0000gn/T/bsp17481979910535332033/l6lxf0mbgyf4.socket'
INFO  skipping build import with status 'Installed'
INFO  Selected port 5031
Dec 03, 2019 3:09:26 PM org.xnio.Xnio <clinit>
INFO: XNIO version 3.6.5.Final
Dec 03, 2019 3:09:26 PM org.xnio.nio.NioXnio <clinit>
INFO: XNIO NIO Implementation Version 3.6.5.Final
Dec 03, 2019 3:09:27 PM org.jboss.threads.Version <clinit>
INFO: JBoss Threads version 2.3.0.Beta2
INFO  Started Metals http server at http://127.0.0.1:5031
WARN  no build target: /Users/maxcoplan/Documents/workspace/scala/basics/FibsOnCrack.scala
The server is listening for incoming connections at local:///var/folders/70/z9tbjlc14gs7d9nyp39rcm0r0000gn/T/bsp17481979910535332033/l6lxf0mbgyf4.socket...
Accepted incoming BSP client connection at local:///var/folders/70/z9tbjlc14gs7d9nyp39rcm0r0000gn/T/bsp17481979910535332033/l6lxf0mbgyf4.socket
INFO  tracing is disabled for protocol BSP, to enable tracing of incoming and outgoing JSON messages create an empty file at /Users/maxcoplan/Library/Caches/org.scalameta.metals/bsp.trace.json
request received: build/initialize
INFO  time: connected to build server in 2.88s
BSP initialization handshake complete.
ERROR Unexpected error initializing server
java.io.IOException: UT002002: Channel is closed
	at io.undertow.websockets.core.WebSocketChannel.send(WebSocketChannel.java:343)
	at io.undertow.websockets.core.WebSockets.sendBlockingInternal(WebSockets.java:992)
	at io.undertow.websockets.core.WebSockets.sendBlockingInternal(WebSockets.java:986)
	at io.undertow.websockets.core.WebSockets.sendTextBlocking(WebSockets.java:200)
	at scala.meta.internal.metals.MetalsHttpServer.$anonfun$sendJson$1(MetalsHttpServer.scala:58)
	at scala.meta.internal.metals.MetalsHttpServer.$anonfun$sendJson$1$adapted(MetalsHttpServer.scala:58)
	at scala.collection.mutable.HashSet.foreach(HashSet.scala:79)
	at scala.meta.internal.metals.MetalsHttpServer.sendJson(MetalsHttpServer.scala:58)
	at scala.meta.internal.metals.MetalsHttpServer.reload(MetalsHttpServer.scala:52)
	at scala.meta.internal.metals.MetalsLanguageServer.$anonfun$startHttpServer$7(MetalsLanguageServer.scala:501)
	at scala.meta.internal.metals.MetalsHttpClient.showMessage(MetalsHttpClient.scala:137)
	at scala.meta.internal.metals.DelegatingLanguageClient.showMessage(DelegatingLanguageClient.scala:63)
	at scala.meta.internal.metals.MetalsLanguageServer$$anonfun$autoConnectToBuildServer$7.applyOrElse(MetalsLanguageServer.scala:1252)
	at scala.meta.internal.metals.MetalsLanguageServer$$anonfun$autoConnectToBuildServer$7.applyOrElse(MetalsLanguageServer.scala:1245)
	at scala.runtime.AbstractPartialFunction.apply(AbstractPartialFunction.scala:38)
	at scala.util.Failure.recover(Try.scala:234)
	at scala.concurrent.Future.$anonfun$recover$1(Future.scala:395)
	at scala.concurrent.impl.Promise.liftedTree1$1(Promise.scala:33)
	at scala.concurrent.impl.Promise.$anonfun$transform$1(Promise.scala:33)
	at scala.concurrent.impl.CallbackRunnable.run(Promise.scala:64)
	at java.util.concurrent.ThreadPoolExecutor.runWorker(ThreadPoolExecutor.java:1128)
	at java.util.concurrent.ThreadPoolExecutor$Worker.run(ThreadPoolExecutor.java:628)
	at java.lang.Thread.run(Thread.java:830)

INFO  time: initialize in 0.88s
INFO  running embedded 'bloop bsp --protocol local --socket /var/folders/70/z9tbjlc14gs7d9nyp39rcm0r0000gn/T/bsp15916807902006017509/-1qbg51xwcir6d.socket'
INFO  skipping build import with status 'Installed'
INFO  Selected port 5031
Dec 03, 2019 4:18:56 PM org.xnio.Xnio <clinit>
INFO: XNIO version 3.6.5.Final
Dec 03, 2019 4:18:56 PM org.xnio.nio.NioXnio <clinit>
INFO: XNIO NIO Implementation Version 3.6.5.Final
Dec 03, 2019 4:18:56 PM org.jboss.threads.Version <clinit>
INFO: JBoss Threads version 2.3.0.Beta2
INFO  Started Metals http server at http://127.0.0.1:5031
WARN  no build target: /Users/maxcoplan/Documents/workspace/scala/basics/FibsOnCrack.scala
The server is listening for incoming connections at local:///var/folders/70/z9tbjlc14gs7d9nyp39rcm0r0000gn/T/bsp15916807902006017509/-1qbg51xwcir6d.socket...
Accepted incoming BSP client connection at local:///var/folders/70/z9tbjlc14gs7d9nyp39rcm0r0000gn/T/bsp15916807902006017509/-1qbg51xwcir6d.socket
INFO  tracing is disabled for protocol BSP, to enable tracing of incoming and outgoing JSON messages create an empty file at /Users/maxcoplan/Library/Caches/org.scalameta.metals/bsp.trace.json
request received: build/initialize
INFO  time: connected to build server in 2.29s
BSP initialization handshake complete.
INFO  time: imported build in 0.12s
INFO  time: indexed workspace in 6.93s
INFO  compiling basics (19 scala sources and 2 java sources)
INFO  time: compiled basics in 2.24s
ERROR Failed to compile 'basics','basics-test'
shutdown request received: build/shutdown
Client in /Users/maxcoplan/Documents/workspace/scala/basics/.bloop triggered cancellation. Cancelling tasks...
[0m[31m[E][0m BSP server cancelled, closing socket...
INFO  bloop exit: 0
INFO  time: initialize in 0.87s
INFO  running embedded 'bloop bsp --protocol local --socket /var/folders/70/z9tbjlc14gs7d9nyp39rcm0r0000gn/T/bsp532973188402489324/-1c04vi944h7qd.socket'
INFO  skipping build import with status 'Installed'
INFO  Selected port 5031
Dec 03, 2019 4:19:31 PM org.xnio.Xnio <clinit>
INFO: XNIO version 3.6.5.Final
Dec 03, 2019 4:19:31 PM org.xnio.nio.NioXnio <clinit>
INFO: XNIO NIO Implementation Version 3.6.5.Final
Dec 03, 2019 4:19:31 PM org.jboss.threads.Version <clinit>
INFO: JBoss Threads version 2.3.0.Beta2
WARN  no build target: /Users/maxcoplan/Documents/workspace/scala/basics/FibsOnCrack.scala
INFO  Started Metals http server at http://127.0.0.1:5031
The server is listening for incoming connections at local:///var/folders/70/z9tbjlc14gs7d9nyp39rcm0r0000gn/T/bsp532973188402489324/-1c04vi944h7qd.socket...
Accepted incoming BSP client connection at local:///var/folders/70/z9tbjlc14gs7d9nyp39rcm0r0000gn/T/bsp532973188402489324/-1c04vi944h7qd.socket
INFO  tracing is disabled for protocol BSP, to enable tracing of incoming and outgoing JSON messages create an empty file at /Users/maxcoplan/Library/Caches/org.scalameta.metals/bsp.trace.json
request received: build/initialize
INFO  time: connected to build server in 2.24s
BSP initialization handshake complete.
INFO  time: imported build in 0.1s
INFO  time: indexed workspace in 7.11s
INFO  compiling basics (19 scala sources and 2 java sources)
INFO  time: compiled basics in 2.4s
ERROR Failed to compile 'basics','basics-test'
Dec 03, 2019 4:20:57 PM org.eclipse.lsp4j.jsonrpc.RemoteEndpoint handleCancellation
WARNING: Unmatched cancel notification for request id 17
INFO  skipping build import with status 'Installed'
INFO  compiling basics (19 scala sources and 2 java sources)
WARN  there was one deprecation warning (since 2.13.0)
WARN  there was one deprecation warning (since release # which deprecates method)
WARN  there were two deprecation warnings in total; re-run with -deprecation for details
WARN  there were three feature warnings; re-run with -feature for details
ERROR package _root_.DefaultParameterValues does not exist
ERROR cannot find symbol
  symbol:   class Point
  location: class Main
ERROR cannot find symbol
  symbol:   class Point
  location: class Main
INFO  time: compiled basics in 3.68s
ERROR Failed to compile 'basics','basics-test'
INFO  skipping build import with status 'Installed'
INFO  compiling basics (19 scala sources and 2 java sources)
shutdown request received: build/shutdown
Client in /Users/maxcoplan/Documents/workspace/scala/basics/.bloop triggered cancellation. Cancelling tasks...
[0m[31m[E][0m BSP server cancelled, closing socket...
INFO  bloop exit: 0
WARN  resetting database: /Users/maxcoplan/Documents/workspace/scala/basics/.metals/metals.h2.db
